tv/build/intermediates/manifest_merge_blame_file/debug/processDebugMainManifest/manifest-merger-blame-debug-report.txt
1<?xml version="1.0" encoding="utf-8"?>
2<manifest xmlns:android="http://schemas.android.com/apk/res/android"
3    package="com.cd4li.tmuxtv"
4    android:versionCode="3"
5    android:versionName="0.3" >
6
7    <uses-sdk
8        android:minSdkVersion="23"
9        android:targetSdkVersion="34" />
10
11    <uses-permission android:name="android.permission.INTERNET" />
11-->src/main/AndroidManifest.xml:4:5-67
11-->src/main/AndroidManifest.xml:4:22-64
12
13    <!-- Runs on a TV box; not a touchscreen device -->
14    <uses-feature
14-->src/main/AndroidManifest.xml:7:5-9:36
15        android:name="android.software.leanback"
15-->src/main/AndroidManifest.xml:8:9-49
16        android:required="false" />
16-->src/main/AndroidManifest.xml:9:9-33
17    <uses-feature
17-->src/main/AndroidManifest.xml:10:5-12:36
18        android:name="android.hardware.touchscreen"
18-->src/main/AndroidManifest.xml:11:9-52
19        android:required="false" />
19-->src/main/AndroidManifest.xml:12:9-33
20
21    <application
21-->src/main/AndroidManifest.xml:14:5-36:19
22        android:allowBackup="false"
22-->src/main/AndroidManifest.xml:15:9-36
23        android:banner="@drawable/banner"
23-->src/main/AndroidManifest.xml:16:9-42
24        android:debuggable="true"
25        android:extractNativeLibs="false"
26        android:icon="@mipmap/ic_launcher"
26-->src/main/AndroidManifest.xml:17:9-43
27        android:label="@string/app_name"
27-->src/main/AndroidManifest.xml:19:9-41
28        android:roundIcon="@mipmap/ic_launcher"
28-->src/main/AndroidManifest.xml:18:9-48
29        android:supportsRtl="false"
29-->src/main/AndroidManifest.xml:20:9-36
30        android:theme="@style/AppTheme"
30-->src/main/AndroidManifest.xml:21:9-40
31        android:usesCleartextTraffic="false" >
31-->src/main/AndroidManifest.xml:22:9-45
32        <activity
32-->src/main/AndroidManifest.xml:24:9-35:20
33            android:name="com.cd4li.tmuxtv.MainActivity"
33-->src/main/AndroidManifest.xml:25:13-41
34            android:configChanges="orientation|screenSize|keyboardHidden|navigation|keyboard|uiMode|density|smallestScreenSize|screenLayout"
34-->src/main/AndroidManifest.xml:26:13-141
35            android:exported="true"
35-->src/main/AndroidManifest.xml:27:13-36
36            android:launchMode="singleTask"
36-->src/main/AndroidManifest.xml:28:13-44
37            android:screenOrientation="landscape" >
37-->src/main/AndroidManifest.xml:29:13-50
38            <intent-filter>
38-->src/main/AndroidManifest.xml:30:13-34:29
39                <action android:name="android.intent.action.MAIN" />
39-->src/main/AndroidManifest.xml:31:17-69
39-->src/main/AndroidManifest.xml:31:25-66
40
41                <category android:name="android.intent.category.LAUNCHER" />
41-->src/main/AndroidManifest.xml:32:17-77
41-->src/main/AndroidManifest.xml:32:27-74
42                <category android:name="android.intent.category.LEANBACK_LAUNCHER" />
42-->src/main/AndroidManifest.xml:33:17-86
42-->src/main/AndroidManifest.xml:33:27-83
43            </intent-filter>
44        </activity>
45    </application>
46
47</manifest>